0 info it worked if it ends with ok
1 verbose cli [ 'c:\\Program Files\\nodejs\\node.exe',
1 verbose cli   'c:\\Program Files\\nodejs\\node_modules\\npm\\bin\\npm-cli.js',
1 verbose cli   'install',
1 verbose cli   'mongoose',
1 verbose cli   '--save' ]
2 info using npm@2.10.1
3 info using node@v0.12.4
4 verbose install initial load of c:\projects\CodeGurukul_web\package.json
5 verbose installManyTop reading scoped package data from c:\projects\CodeGurukul_web\node_modules\express\package.json
6 verbose installManyTop reading scoped package data from c:\projects\CodeGurukul_web\node_modules\grunt\package.json
7 verbose installManyTop reading scoped package data from c:\projects\CodeGurukul_web\node_modules\grunt-contrib-sass\package.json
8 verbose installManyTop reading scoped package data from c:\projects\CodeGurukul_web\node_modules\grunt-contrib-watch\package.json
9 verbose installManyTop reading scoped package data from c:\projects\CodeGurukul_web\node_modules\jade\package.json
10 info package.json grunt-contrib-watch@0.6.1 No license field.
11 info package.json grunt-contrib-sass@0.9.2 No license field.
12 info package.json grunt@0.4.5 No license field.
13 verbose readDependencies loading dependencies from c:\projects\CodeGurukul_web\package.json
14 silly cache add args [ 'mongoose', null ]
15 verbose cache add spec mongoose
16 silly cache add parsed spec { raw: 'mongoose',
16 silly cache add   scope: null,
16 silly cache add   name: 'mongoose',
16 silly cache add   rawSpec: '',
16 silly cache add   spec: '*',
16 silly cache add   type: 'range' }
17 silly addNamed mongoose@*
18 verbose addNamed "*" is a valid semver range for mongoose
19 silly addNameRange { name: 'mongoose', range: '*', hasData: false }
20 silly mapToRegistry name mongoose
21 silly mapToRegistry using default registry
22 silly mapToRegistry registry https://registry.npmjs.org/
23 silly mapToRegistry uri https://registry.npmjs.org/mongoose
24 verbose addNameRange registry:https://registry.npmjs.org/mongoose not in flight; fetching
25 verbose request uri https://registry.npmjs.org/mongoose
26 verbose request no auth needed
27 info attempt registry request try #1 at 2:38:26 PM
28 verbose request id 565edbf9726f3c53
29 http request GET https://registry.npmjs.org/mongoose
30 http 200 https://registry.npmjs.org/mongoose
31 silly get cb [ 200,
31 silly get   { server: 'CouchDB/1.5.0 (Erlang OTP/R16B03)',
31 silly get     etag: '"F40KZVG0ECQ175U0I93BL12E"',
31 silly get     'content-type': 'application/json',
31 silly get     'cache-control': 'max-age=60',
31 silly get     'content-length': '330967',
31 silly get     'accept-ranges': 'bytes',
31 silly get     date: 'Tue, 23 Jun 2015 09:08:26 GMT',
31 silly get     via: '1.1 varnish',
31 silly get     age: '46',
31 silly get     connection: 'keep-alive',
31 silly get     'x-served-by': 'cache-sin6921-SIN',
31 silly get     'x-cache': 'HIT',
31 silly get     'x-cache-hits': '13',
31 silly get     'x-timer': 'S1435050506.363124,VS0,VE0',
31 silly get     vary: 'Accept' } ]
32 verbose get saving mongoose to C:\Users\cheryl\AppData\Roaming\npm-cache\registry.npmjs.org\mongoose\.cache.json
33 silly addNameRange number 2 { name: 'mongoose', range: '*', hasData: true }
34 silly addNameRange versions [ 'mongoose',
34 silly addNameRange   [ '0.0.1',
34 silly addNameRange     '0.0.2',
34 silly addNameRange     '0.0.3',
34 silly addNameRange     '0.0.4',
34 silly addNameRange     '0.0.5',
34 silly addNameRange     '1.0.0',
34 silly addNameRange     '1.0.1',
34 silly addNameRange     '1.0.2',
34 silly addNameRange     '0.0.6',
34 silly addNameRange     '1.0.3',
34 silly addNameRange     '1.0.4',
34 silly addNameRange     '1.0.5',
34 silly addNameRange     '1.0.6',
34 silly addNameRange     '1.0.7',
34 silly addNameRange     '1.0.8',
34 silly addNameRange     '1.0.10',
34 silly addNameRange     '1.0.11',
34 silly addNameRange     '1.0.12',
34 silly addNameRange     '1.0.13',
34 silly addNameRange     '1.0.14',
34 silly addNameRange     '1.0.15',
34 silly addNameRange     '1.0.16',
34 silly addNameRange     '1.1.0',
34 silly addNameRange     '1.1.1',
34 silly addNameRange     '1.1.2',
34 silly addNameRange     '1.1.3',
34 silly addNameRange     '1.1.4',
34 silly addNameRange     '1.1.5',
34 silly addNameRange     '1.1.6',
34 silly addNameRange     '1.1.7',
34 silly addNameRange     '1.1.8',
34 silly addNameRange     '1.1.9',
34 silly addNameRange     '1.1.10',
34 silly addNameRange     '1.1.11',
34 silly addNameRange     '1.1.12',
34 silly addNameRange     '1.1.13',
34 silly addNameRange     '1.1.14',
34 silly addNameRange     '1.1.15',
34 silly addNameRange     '1.1.16',
34 silly addNameRange     '1.1.17',
34 silly addNameRange     '1.1.18',
34 silly addNameRange     '1.1.19',
34 silly addNameRange     '1.1.20',
34 silly addNameRange     '1.1.21',
34 silly addNameRange     '1.1.22',
34 silly addNameRange     '1.1.23',
34 silly addNameRange     '1.1.24',
34 silly addNameRange     '1.1.25',
34 silly addNameRange     '1.2.0',
34 silly addNameRange     '1.3.0',
34 silly addNameRange     '1.3.1',
34 silly addNameRange     '1.3.2',
34 silly addNameRange     '1.3.3',
34 silly addNameRange     '1.3.4',
34 silly addNameRange     '1.3.5',
34 silly addNameRange     '1.3.6',
34 silly addNameRange     '1.3.7',
34 silly addNameRange     '1.4.0',
34 silly addNameRange     '1.5.0',
34 silly addNameRange     '1.6.0',
34 silly addNameRange     '1.7.2',
34 silly addNameRange     '1.7.3',
34 silly addNameRange     '1.7.4',
34 silly addNameRange     '1.8.0',
34 silly addNameRange     '1.8.1',
34 silly addNameRange     '1.8.2',
34 silly addNameRange     '1.8.3',
34 silly addNameRange     '1.8.4',
34 silly addNameRange     '2.0.0',
34 silly addNameRange     '2.0.1',
34 silly addNameRange     '2.0.2',
34 silly addNameRange     '2.0.3',
34 silly addNameRange     '2.0.4',
34 silly addNameRange     '2.1.0',
34 silly addNameRange     '2.1.1',
34 silly addNameRange     '2.1.2',
34 silly addNameRange     '2.1.3',
34 silly addNameRange     '2.1.4',
34 silly addNameRange     '2.2.0',
34 silly addNameRange     '2.2.1',
34 silly addNameRange     '2.2.2',
34 silly addNameRange     '2.2.3',
34 silly addNameRange     '2.2.4',
34 silly addNameRange     '2.3.0',
34 silly addNameRange     '2.3.1',
34 silly addNameRange     '2.3.2',
34 silly addNameRange     '2.3.3',
34 silly addNameRange     '2.3.4',
34 silly addNameRange     '2.3.5',
34 silly addNameRange     '2.3.6',
34 silly addNameRange     '2.3.7',
34 silly addNameRange     '2.3.8',
34 silly addNameRange     '2.3.9',
34 silly addNameRange     '2.3.10',
34 silly addNameRange     '2.3.11',
34 silly addNameRange     '2.3.12',
34 silly addNameRange     '2.3.13',
34 silly addNameRange     '2.4.0',
34 silly addNameRange     '2.4.1',
34 silly addNameRange     '2.4.2',
34 silly addNameRange     '2.4.3',
34 silly addNameRange     '2.4.4',
34 silly addNameRange     '2.4.5',
34 silly addNameRange     '2.4.6',
34 silly addNameRange     '2.4.7',
34 silly addNameRange     '2.4.8',
34 silly addNameRange     '2.4.9',
34 silly addNameRange     '2.4.10',
34 silly addNameRange     '2.5.0',
34 silly addNameRange     '2.5.1',
34 silly addNameRange     '2.5.2',
34 silly addNameRange     '2.5.3',
34 silly addNameRange     '2.5.4',
34 silly addNameRange     '2.5.5',
34 silly addNameRange     '2.5.6',
34 silly addNameRange     '2.5.7',
34 silly addNameRange     '2.5.8',
34 silly addNameRange     '2.5.9',
34 silly addNameRange     '2.5.10',
34 silly addNameRange     '2.5.11',
34 silly addNameRange     '2.5.12',
34 silly addNameRange     '2.5.13',
34 silly addNameRange     '2.5.14',
34 silly addNameRange     '2.6.0',
34 silly addNameRange     '2.6.1',
34 silly addNameRange     '2.6.2',
34 silly addNameRange     '2.6.3',
34 silly addNameRange     '2.6.4',
34 silly addNameRange     '2.6.5',
34 silly addNameRange     '2.6.6',
34 silly addNameRange     '2.6.7',
34 silly addNameRange     '2.6.8',
34 silly addNameRange     '2.7.0',
34 silly addNameRange     '2.7.1',
34 silly addNameRange     '2.7.2',
34 silly addNameRange     '2.7.4',
34 silly addNameRange     '2.7.3',
34 silly addNameRange     '3.0.0',
34 silly addNameRange     '3.0.1',
34 silly addNameRange     '3.0.2',
34 silly addNameRange     '2.8.0',
34 silly addNameRange     '3.0.3',
34 silly addNameRange     '3.1.0',
34 silly addNameRange     '2.8.1',
34 silly addNameRange     '3.1.1',
34 silly addNameRange     '2.8.2',
34 silly addNameRange     '2.8.3',
34 silly addNameRange     '2.9.0',
34 silly addNameRange     '3.2.0',
34 silly addNameRange     '2.9.1',
34 silly addNameRange     '3.2.1',
34 silly addNameRange     '2.9.2',
34 silly addNameRange     '3.2.2',
34 silly addNameRange     '3.3.0',
34 silly addNameRange     '3.3.1',
34 silly addNameRange     '2.9.3',
34 silly addNameRange     '3.4.0',
34 silly addNameRange     '2.9.4',
34 silly addNameRange     '2.9.5',
34 silly addNameRange     '3.5.0',
34 silly addNameRange     '3.5.1',
34 silly addNameRange     '3.5.2',
34 silly addNameRange     '3.5.3',
34 silly addNameRange     '2.9.6',
34 silly addNameRange     '2.9.7',
34 silly addNameRange     '3.5.4',
34 silly addNameRange     '3.5.5',
34 silly addNameRange     '2.9.8',
34 silly addNameRange     '2.9.9',
34 silly addNameRange     '3.5.6',
34 silly addNameRange     '3.5.7',
34 silly addNameRange     '3.5.8',
34 silly addNameRange     '2.9.10',
34 silly addNameRange     '3.5.9',
34 silly addNameRange     '3.6.2',
34 silly addNameRange     '3.5.10',
34 silly addNameRange     '3.6.3',
34 silly addNameRange     '3.5.11',
34 silly addNameRange     '3.6.4',
34 silly addNameRange     '3.6.5',
34 silly addNameRange     '3.6.6',
34 silly addNameRange     '3.6.7',
34 silly addNameRange     '3.5.12',
34 silly addNameRange     '3.6.8',
34 silly addNameRange     '3.6.9',
34 silly addNameRange     '3.6.10',
34 silly addNameRange     '3.5.13',
34 silly addNameRange     '3.5.14',
34 silly addNameRange     '3.6.11',
34 silly addNameRange     '3.6.12',
34 silly addNameRange     '3.6.13',
34 silly addNameRange     '3.6.14',
34 silly addNameRange     '3.6.15',
34 silly addNameRange     '3.5.15',
34 silly addNameRange     '3.7.0',
34 silly addNameRange     '3.6.16',
34 silly addNameRange     '3.5.16',
34 silly addNameRange     '3.6.17',
34 silly addNameRange     '3.7.2',
34 silly addNameRange     '3.0.0-alpha1',
34 silly addNameRange     '3.0.0-alpha2',
34 silly addNameRange     '3.0.0-rc0',
34 silly addNameRange     '3.6.0-rc0',
34 silly addNameRange     '3.6.0-rc1',
34 silly addNameRange     '3.6.18',
34 silly addNameRange     '3.7.3',
34 silly addNameRange     '3.6.19',
34 silly addNameRange     '3.6.20',
34 silly addNameRange     '3.7.4',
34 silly addNameRange     '3.8.0',
34 silly addNameRange     '3.8.1',
34 silly addNameRange     '3.8.2',
34 silly addNameRange     '3.8.3',
34 silly addNameRange     '3.8.4',
34 silly addNameRange     '3.8.5',
34 silly addNameRange     '3.8.6',
34 silly addNameRange     '3.8.7',
34 silly addNameRange     '3.8.8',
34 silly addNameRange     '3.8.9',
34 silly addNameRange     '3.8.10',
34 silly addNameRange     '3.8.11',
34 silly addNameRange     '3.9.0',
34 silly addNameRange     '3.8.12',
34 silly addNameRange     '3.8.13',
34 silly addNameRange     '3.8.14',
34 silly addNameRange     '3.8.15',
34 silly addNameRange     '3.9.1',
34 silly addNameRange     '3.8.16',
34 silly addNameRange     '3.9.2',
34 silly addNameRange     '3.8.17',
34 silly addNameRange     '3.9.3',
34 silly addNameRange     '3.8.18',
34 silly addNameRange     '3.9.4',
34 silly addNameRange     '3.8.19',
34 silly addNameRange     '3.9.5',
34 silly addNameRange     '3.8.20',
34 silly addNameRange     '3.9.6',
34 silly addNameRange     '3.8.21',
34 silly addNameRange     '3.9.7',
34 silly addNameRange     '3.8.22',
34 silly addNameRange     '4.0.0-rc0',
34 silly addNameRange     '4.0.0-rc1',
34 silly addNameRange     '3.8.23',
34 silly addNameRange     '4.0.0-rc2',
34 silly addNameRange     '3.8.24',
34 silly addNameRange     '4.0.0-rc3',
34 silly addNameRange     '3.8.25',
34 silly addNameRange     '4.0.0-rc4',
34 silly addNameRange     '4.0.0',
34 silly addNameRange     '4.0.1',
34 silly addNameRange     '3.8.26',
34 silly addNameRange     '3.8.27',
34 silly addNameRange     '4.0.2',
34 silly addNameRange     '3.8.28',
34 silly addNameRange     '4.0.3',
34 silly addNameRange     '3.8.29',
34 silly addNameRange     '4.0.4',
34 silly addNameRange     '3.8.30',
34 silly addNameRange     '4.0.5',
34 silly addNameRange     '3.8.31',
34 silly addNameRange     '4.0.6' ] ]
35 silly addNamed mongoose@4.0.6
36 verbose addNamed "4.0.6" is a plain semver version for mongoose
37 silly mapToRegistry name mongoose
38 silly mapToRegistry using default registry
39 silly mapToRegistry registry https://registry.npmjs.org/
40 silly mapToRegistry uri https://registry.npmjs.org/mongoose
41 verbose addRemoteTarball https://registry.npmjs.org/mongoose/-/mongoose-4.0.6.tgz not in flight; adding
42 verbose addRemoteTarball [ 'https://registry.npmjs.org/mongoose/-/mongoose-4.0.6.tgz',
42 verbose addRemoteTarball   '151203fecd1042a7787eb13214d0be85dfc55d94' ]
43 info retry fetch attempt 1 at 2:38:31 PM
44 info attempt registry request try #1 at 2:38:31 PM
45 http fetch GET https://registry.npmjs.org/mongoose/-/mongoose-4.0.6.tgz
46 http fetch 200 https://registry.npmjs.org/mongoose/-/mongoose-4.0.6.tgz
47 silly fetchAndShaCheck shasum 151203fecd1042a7787eb13214d0be85dfc55d94
48 verbose addTmpTarball C:\Users\cheryl\AppData\Local\Temp\npm-5592-d691d49f\registry.npmjs.org\mongoose\-\mongoose-4.0.6.tgz not in flight; adding
49 verbose addTmpTarball already have metadata; skipping unpack for mongoose@4.0.6
50 silly cache afterAdd mongoose@4.0.6
51 verbose afterAdd C:\Users\cheryl\AppData\Roaming\npm-cache\mongoose\4.0.6\package\package.json not in flight; writing
52 verbose afterAdd C:\Users\cheryl\AppData\Roaming\npm-cache\mongoose\4.0.6\package\package.json written
53 silly install resolved [ { name: 'mongoose',
53 silly install resolved     description: 'Mongoose MongoDB ODM',
53 silly install resolved     version: '4.0.6',
53 silly install resolved     author: { name: 'Guillermo Rauch', email: 'guillermo@learnboost.com' },
53 silly install resolved     keywords:
53 silly install resolved      [ 'mongodb',
53 silly install resolved        'document',
53 silly install resolved        'model',
53 silly install resolved        'schema',
53 silly install resolved        'database',
53 silly install resolved        'odm',
53 silly install resolved        'data',
53 silly install resolved        'datastore',
53 silly install resolved        'query',
53 silly install resolved        'nosql',
53 silly install resolved        'orm',
53 silly install resolved        'db' ],
53 silly install resolved     license: 'MIT',
53 silly install resolved     dependencies:
53 silly install resolved      { async: '0.9.0',
53 silly install resolved        bson: '~0.3',
53 silly install resolved        'hooks-fixed': '1.0.1',
53 silly install resolved        kareem: '1.0.1',
53 silly install resolved        mongodb: '2.0.34',
53 silly install resolved        mpath: '0.1.1',
53 silly install resolved        mpromise: '0.5.4',
53 silly install resolved        mquery: '1.6.1',
53 silly install resolved        ms: '0.1.0',
53 silly install resolved        muri: '1.0.0',
53 silly install resolved        'regexp-clone': '0.0.1',
53 silly install resolved        sliced: '0.0.5' },
53 silly install resolved     devDependencies:
53 silly install resolved      { acquit: '0.0.3',
53 silly install resolved        benchmark: '1.0.0',
53 silly install resolved        co: '3.1.0',
53 silly install resolved        dox: '0.3.1',
53 silly install resolved        'highlight.js': '7.0.1',
53 silly install resolved        jade: '0.26.3',
53 silly install resolved        markdown: '0.3.1',
53 silly install resolved        marked: '0.3.2',
53 silly install resolved        mocha: '1.20.0',
53 silly install resolved        'node-static': '0.5.9',
53 silly install resolved        open: '0.0.3',
53 silly install resolved        tbd: '0.6.4',
53 silly install resolved        'uglify-js': '2.4.15',
53 silly install resolved        underscore: '1.5.2',
53 silly install resolved        istanbul: '^0.3.13' },
53 silly install resolved     browserDependencies:
53 silly install resolved      { browserify: '4.1.10',
53 silly install resolved        karma: '0.12.16',
53 silly install resolved        'karma-chai': '0.1.0',
53 silly install resolved        'karma-mocha': '0.1.4',
53 silly install resolved        'karma-chrome-launcher': '0.1.4',
53 silly install resolved        'karma-sauce-launcher': '0.2.8' },
53 silly install resolved     directories: { lib: './lib/mongoose' },
53 silly install resolved     scripts:
53 silly install resolved      { 'install-browser': 'npm install `node format_deps.js`',
53 silly install resolved        test: 'set MONGOOSE_DISABLE_STABILITY_WARNING=1 && mocha --async-only test/*.test.js',
53 silly install resolved        'test-cov': 'set MONGOOSE_DISABLE_STABILITY_WARNING=1 && node_modules/.bin/istanbul cover node_modules/.bin/_mocha --async-only test/*.test.js' },
53 silly install resolved     main: './index.js',
53 silly install resolved     engines: { node: '>=0.6.19' },
53 silly install resolved     bugs:
53 silly install resolved      { url: 'https://github.com/learnboost/mongoose/issues/new',
53 silly install resolved        email: 'mongoose-orm@googlegroups.com' },
53 silly install resolved     repository: { type: 'git', url: 'git://github.com/LearnBoost/mongoose.git' },
53 silly install resolved     homepage: 'http://mongoosejs.com',
53 silly install resolved     browser: 'lib/browser.js',
53 silly install resolved     gitHead: '046d70251f7b390c6f183dce52515ec53707ec5b',
53 silly install resolved     _id: 'mongoose@4.0.6',
53 silly install resolved     _shasum: '151203fecd1042a7787eb13214d0be85dfc55d94',
53 silly install resolved     _from: 'mongoose@*',
53 silly install resolved     _npmVersion: '2.7.4',
53 silly install resolved     _nodeVersion: '0.12.2',
53 silly install resolved     _npmUser: { name: 'vkarpov15', email: 'valkar207@gmail.com' },
53 silly install resolved     maintainers: [ [Object], [Object], [Object], [Object], [Object] ],
53 silly install resolved     dist:
53 silly install resolved      { shasum: '151203fecd1042a7787eb13214d0be85dfc55d94',
53 silly install resolved        tarball: 'http://registry.npmjs.org/mongoose/-/mongoose-4.0.6.tgz' },
53 silly install resolved     _resolved: 'https://registry.npmjs.org/mongoose/-/mongoose-4.0.6.tgz' } ]
54 info install mongoose@4.0.6 into c:\projects\CodeGurukul_web
55 info installOne mongoose@4.0.6
56 verbose installOne of mongoose to c:\projects\CodeGurukul_web not in flight; installing
57 verbose lock using C:\Users\cheryl\AppData\Roaming\npm-cache\_locks\mongoose-3ca3e369ccff4ff2.lock for c:\projects\CodeGurukul_web\node_modules\mongoose
58 silly install write writing mongoose 4.0.6 to c:\projects\CodeGurukul_web\node_modules\mongoose
59 verbose unbuild node_modules\mongoose
60 silly gentlyRm c:\projects\CodeGurukul_web\node_modules\mongoose is being purged from base c:\projects\CodeGurukul_web
61 verbose gentlyRm don't care about contents; nuking c:\projects\CodeGurukul_web\node_modules\mongoose
62 verbose tar unpack C:\Users\cheryl\AppData\Roaming\npm-cache\mongoose\4.0.6\package.tgz
63 verbose tar unpacking to c:\projects\CodeGurukul_web\node_modules\mongoose
64 silly gentlyRm c:\projects\CodeGurukul_web\node_modules\mongoose is being purged
65 verbose gentlyRm don't care about contents; nuking c:\projects\CodeGurukul_web\node_modules\mongoose
66 silly gunzTarPerm modes [ '777', '666' ]
67 silly gunzTarPerm extractEntry package.json
68 silly gunzTarPerm modified mode [ 'package.json', 420, 438 ]
69 silly gunzTarPerm extractEntry .npmignore
70 silly gunzTarPerm modified mode [ '.npmignore', 436, 438 ]
71 silly gunzTarPerm extractEntry README.md
72 silly gunzTarPerm modified mode [ 'README.md', 420, 438 ]
73 silly gunzTarPerm extractEntry website.js
74 silly gunzTarPerm modified mode [ 'website.js', 420, 438 ]
75 silly gunzTarPerm extractEntry static.js
76 silly gunzTarPerm modified mode [ 'static.js', 420, 438 ]
77 silly gunzTarPerm extractEntry index.js
78 silly gunzTarPerm modified mode [ 'index.js', 420, 438 ]
79 silly gunzTarPerm extractEntry History.md
80 silly gunzTarPerm modified mode [ 'History.md', 420, 438 ]
81 silly gunzTarPerm extractEntry examples/README.md
82 silly gunzTarPerm modified mode [ 'examples/README.md', 420, 438 ]
83 silly gunzTarPerm extractEntry examples/doc-methods.js
84 silly gunzTarPerm modified mode [ 'examples/doc-methods.js', 420, 438 ]
85 silly gunzTarPerm extractEntry examples/statics/person.js
86 silly gunzTarPerm modified mode [ 'examples/statics/person.js', 420, 438 ]
87 silly gunzTarPerm extractEntry examples/statics/statics.js
88 silly gunzTarPerm modified mode [ 'examples/statics/statics.js', 420, 438 ]
89 silly gunzTarPerm extractEntry examples/express/README.md
90 silly gunzTarPerm modified mode [ 'examples/express/README.md', 420, 438 ]
91 silly gunzTarPerm extractEntry examples/express/connection-sharing/package.json
92 silly gunzTarPerm modified mode [ 'examples/express/connection-sharing/package.json', 420, 438 ]
93 silly gunzTarPerm extractEntry examples/express/connection-sharing/README.md
94 silly gunzTarPerm modified mode [ 'examples/express/connection-sharing/README.md', 420, 438 ]
95 silly gunzTarPerm extractEntry examples/express/connection-sharing/app.js
96 silly gunzTarPerm modified mode [ 'examples/express/connection-sharing/app.js', 420, 438 ]
97 silly gunzTarPerm extractEntry examples/express/connection-sharing/modelA.js
98 silly gunzTarPerm modified mode [ 'examples/express/connection-sharing/modelA.js', 420, 438 ]
99 silly gunzTarPerm extractEntry examples/express/connection-sharing/routes.js
100 silly gunzTarPerm modified mode [ 'examples/express/connection-sharing/routes.js', 420, 438 ]
101 silly gunzTarPerm extractEntry examples/geospatial/package.json
102 silly gunzTarPerm modified mode [ 'examples/geospatial/package.json', 420, 438 ]
103 silly gunzTarPerm extractEntry examples/geospatial/geoJSONSchema.js
104 silly gunzTarPerm modified mode [ 'examples/geospatial/geoJSONSchema.js', 420, 438 ]
105 silly gunzTarPerm extractEntry examples/geospatial/geoJSONexample.js
106 silly gunzTarPerm modified mode [ 'examples/geospatial/geoJSONexample.js', 420, 438 ]
107 silly gunzTarPerm extractEntry examples/geospatial/geospatial.js
108 silly gunzTarPerm modified mode [ 'examples/geospatial/geospatial.js', 420, 438 ]
109 silly gunzTarPerm extractEntry examples/geospatial/person.js
110 silly gunzTarPerm modified mode [ 'examples/geospatial/person.js', 420, 438 ]
111 silly gunzTarPerm extractEntry examples/globalschemas/gs_example.js
112 silly gunzTarPerm modified mode [ 'examples/globalschemas/gs_example.js', 420, 438 ]
113 silly gunzTarPerm extractEntry examples/globalschemas/person.js
114 silly gunzTarPerm modified mode [ 'examples/globalschemas/person.js', 420, 438 ]
115 silly gunzTarPerm extractEntry examples/lean/package.json
116 silly gunzTarPerm modified mode [ 'examples/lean/package.json', 420, 438 ]
117 silly gunzTarPerm extractEntry examples/lean/lean.js
118 silly gunzTarPerm modified mode [ 'examples/lean/lean.js', 420, 438 ]
119 silly gunzTarPerm extractEntry examples/lean/person.js
120 silly gunzTarPerm modified mode [ 'examples/lean/person.js', 420, 438 ]
121 silly gunzTarPerm extractEntry examples/aggregate/package.json
122 silly gunzTarPerm modified mode [ 'examples/aggregate/package.json', 420, 438 ]
123 silly gunzTarPerm extractEntry examples/aggregate/aggregate.js
124 silly gunzTarPerm modified mode [ 'examples/aggregate/aggregate.js', 420, 438 ]
125 silly gunzTarPerm extractEntry examples/aggregate/person.js
126 silly gunzTarPerm modified mode [ 'examples/aggregate/person.js', 420, 438 ]
127 silly gunzTarPerm extractEntry examples/population/population-across-three-collections.js
128 silly gunzTarPerm modified mode [ 'examples/population/population-across-three-collections.js',
128 silly gunzTarPerm   436,
128 silly gunzTarPerm   438 ]
129 silly gunzTarPerm extractEntry examples/population/population-basic.js
130 silly gunzTarPerm modified mode [ 'examples/population/population-basic.js', 420, 438 ]
131 silly gunzTarPerm extractEntry examples/population/population-of-existing-doc.js
132 silly gunzTarPerm modified mode [ 'examples/population/population-of-existing-doc.js', 420, 438 ]
133 silly gunzTarPerm extractEntry examples/population/population-of-multiple-existing-docs.js
134 silly gunzTarPerm modified mode [ 'examples/population/population-of-multiple-existing-docs.js',
134 silly gunzTarPerm   420,
134 silly gunzTarPerm   438 ]
135 silly gunzTarPerm extractEntry examples/population/population-options.js
136 silly gunzTarPerm modified mode [ 'examples/population/population-options.js', 420, 438 ]
137 silly gunzTarPerm extractEntry examples/population/population-plain-objects.js
138 silly gunzTarPerm modified mode [ 'examples/population/population-plain-objects.js', 420, 438 ]
139 silly gunzTarPerm extractEntry examples/promises/package.json
140 silly gunzTarPerm modified mode [ 'examples/promises/package.json', 420, 438 ]
141 silly gunzTarPerm extractEntry examples/promises/person.js
142 silly gunzTarPerm modified mode [ 'examples/promises/person.js', 420, 438 ]
143 silly gunzTarPerm extractEntry examples/promises/promise.js
144 silly gunzTarPerm modified mode [ 'examples/promises/promise.js', 420, 438 ]
145 silly gunzTarPerm extractEntry examples/querybuilder/package.json
146 silly gunzTarPerm modified mode [ 'examples/querybuilder/package.json', 420, 438 ]
147 silly gunzTarPerm extractEntry examples/querybuilder/person.js
148 silly gunzTarPerm modified mode [ 'examples/querybuilder/person.js', 420, 438 ]
149 silly gunzTarPerm extractEntry examples/querybuilder/querybuilder.js
150 silly gunzTarPerm modified mode [ 'examples/querybuilder/querybuilder.js', 420, 438 ]
151 silly gunzTarPerm extractEntry examples/replicasets/package.json
152 silly gunzTarPerm modified mode [ 'examples/replicasets/package.json', 420, 438 ]
153 silly gunzTarPerm extractEntry examples/replicasets/person.js
154 silly gunzTarPerm modified mode [ 'examples/replicasets/person.js', 420, 438 ]
155 silly gunzTarPerm extractEntry examples/replicasets/replica-sets.js
156 silly gunzTarPerm modified mode [ 'examples/replicasets/replica-sets.js', 420, 438 ]
157 silly gunzTarPerm extractEntry examples/schema/schema.js
158 silly gunzTarPerm modified mode [ 'examples/schema/schema.js', 420, 438 ]
159 silly gunzTarPerm extractEntry examples/schema/storing-schemas-as-json/index.js
160 silly gunzTarPerm modified mode [ 'examples/schema/storing-schemas-as-json/index.js', 420, 438 ]
161 silly gunzTarPerm extractEntry examples/schema/storing-schemas-as-json/schema.json
162 silly gunzTarPerm modified mode [ 'examples/schema/storing-schemas-as-json/schema.json',
162 silly gunzTarPerm   420,
162 silly gunzTarPerm   438 ]
163 silly gunzTarPerm extractEntry examples/mapreduce/package.json
164 silly gunzTarPerm modified mode [ 'examples/mapreduce/package.json', 420, 438 ]
165 silly gunzTarPerm extractEntry examples/mapreduce/mapreduce.js
166 silly gunzTarPerm modified mode [ 'examples/mapreduce/mapreduce.js', 420, 438 ]
167 silly gunzTarPerm extractEntry examples/mapreduce/person.js
168 silly gunzTarPerm modified mode [ 'examples/mapreduce/person.js', 420, 438 ]
169 silly gunzTarPerm extractEntry contRun.sh
170 silly gunzTarPerm modified mode [ 'contRun.sh', 493, 511 ]
171 silly gunzTarPerm extractEntry CONTRIBUTING.md
172 silly gunzTarPerm modified mode [ 'CONTRIBUTING.md', 436, 438 ]
173 silly gunzTarPerm extractEntry lib/aggregate.js
174 silly gunzTarPerm modified mode [ 'lib/aggregate.js', 436, 438 ]
175 silly gunzTarPerm extractEntry lib/document.js
176 silly gunzTarPerm modified mode [ 'lib/document.js', 420, 438 ]
177 silly gunzTarPerm extractEntry lib/document_provider.js
178 silly gunzTarPerm modified mode [ 'lib/document_provider.js', 436, 438 ]
179 silly gunzTarPerm extractEntry lib/utils.js
180 silly gunzTarPerm modified mode [ 'lib/utils.js', 436, 438 ]
181 silly gunzTarPerm extractEntry lib/statemachine.js
182 silly gunzTarPerm modified mode [ 'lib/statemachine.js', 436, 438 ]
183 silly gunzTarPerm extractEntry lib/connectionstate.js
184 silly gunzTarPerm modified mode [ 'lib/connectionstate.js', 436, 438 ]
185 silly gunzTarPerm extractEntry lib/index.js
186 silly gunzTarPerm modified mode [ 'lib/index.js', 420, 438 ]
187 silly gunzTarPerm extractEntry lib/browser.js
188 silly gunzTarPerm modified mode [ 'lib/browser.js', 436, 438 ]
189 silly gunzTarPerm extractEntry lib/model.js
190 silly gunzTarPerm modified mode [ 'lib/model.js', 420, 438 ]
191 silly gunzTarPerm extractEntry lib/promise.js
192 silly gunzTarPerm modified mode [ 'lib/promise.js', 436, 438 ]
193 silly gunzTarPerm extractEntry lib/query.js
194 silly gunzTarPerm modified mode [ 'lib/query.js', 420, 438 ]
195 silly gunzTarPerm extractEntry lib/connection.js
196 silly gunzTarPerm modified mode [ 'lib/connection.js', 420, 438 ]
197 silly gunzTarPerm extractEntry lib/queryhelpers.js
198 silly gunzTarPerm modified mode [ 'lib/queryhelpers.js', 436, 438 ]
199 silly gunzTarPerm extractEntry lib/collection.js
200 silly gunzTarPerm modified mode [ 'lib/collection.js', 420, 438 ]
201 silly gunzTarPerm extractEntry lib/querystream.js
202 silly gunzTarPerm modified mode [ 'lib/querystream.js', 436, 438 ]
203 silly gunzTarPerm extractEntry lib/cast.js
204 silly gunzTarPerm modified mode [ 'lib/cast.js', 436, 438 ]
205 silly gunzTarPerm extractEntry lib/schematype.js
206 silly gunzTarPerm modified mode [ 'lib/schematype.js', 420, 438 ]
207 silly gunzTarPerm extractEntry lib/browserDocument.js
208 silly gunzTarPerm modified mode [ 'lib/browserDocument.js', 436, 438 ]
209 silly gunzTarPerm extractEntry lib/schema.js
210 silly gunzTarPerm modified mode [ 'lib/schema.js', 420, 438 ]
211 silly gunzTarPerm extractEntry lib/error.js
212 silly gunzTarPerm modified mode [ 'lib/error.js', 420, 438 ]
213 silly gunzTarPerm extractEntry lib/virtualtype.js
214 silly gunzTarPerm modified mode [ 'lib/virtualtype.js', 420, 438 ]
215 silly gunzTarPerm extractEntry lib/internal.js
216 silly gunzTarPerm modified mode [ 'lib/internal.js', 436, 438 ]
217 silly gunzTarPerm extractEntry lib/schema/array.js
218 silly gunzTarPerm modified mode [ 'lib/schema/array.js', 436, 438 ]
219 silly gunzTarPerm extractEntry lib/schema/boolean.js
220 silly gunzTarPerm modified mode [ 'lib/schema/boolean.js', 436, 438 ]
221 silly gunzTarPerm extractEntry lib/schema/buffer.js
222 silly gunzTarPerm modified mode [ 'lib/schema/buffer.js', 436, 438 ]
223 silly gunzTarPerm extractEntry lib/schema/date.js
224 silly gunzTarPerm modified mode [ 'lib/schema/date.js', 436, 438 ]
225 silly gunzTarPerm extractEntry lib/schema/documentarray.js
226 silly gunzTarPerm modified mode [ 'lib/schema/documentarray.js', 436, 438 ]
227 silly gunzTarPerm extractEntry lib/schema/index.js
228 silly gunzTarPerm modified mode [ 'lib/schema/index.js', 420, 438 ]
229 silly gunzTarPerm extractEntry lib/schema/mixed.js
230 silly gunzTarPerm modified mode [ 'lib/schema/mixed.js', 436, 438 ]
231 silly gunzTarPerm extractEntry lib/schema/number.js
232 silly gunzTarPerm modified mode [ 'lib/schema/number.js', 436, 438 ]
233 silly gunzTarPerm extractEntry lib/schema/objectid.js
234 silly gunzTarPerm modified mode [ 'lib/schema/objectid.js', 436, 438 ]
235 silly gunzTarPerm extractEntry lib/schema/string.js
236 silly gunzTarPerm modified mode [ 'lib/schema/string.js', 420, 438 ]
237 silly gunzTarPerm extractEntry lib/services/updateValidators.js
238 silly gunzTarPerm modified mode [ 'lib/services/updateValidators.js', 436, 438 ]
239 silly gunzTarPerm extractEntry lib/error/browserMissingSchema.js
240 silly gunzTarPerm modified mode [ 'lib/error/browserMissingSchema.js', 436, 438 ]
241 silly gunzTarPerm extractEntry lib/error/cast.js
242 silly gunzTarPerm modified mode [ 'lib/error/cast.js', 436, 438 ]
243 silly gunzTarPerm extractEntry lib/error/divergentArray.js
244 silly gunzTarPerm modified mode [ 'lib/error/divergentArray.js', 436, 438 ]
245 silly gunzTarPerm extractEntry lib/error/messages.js
246 silly gunzTarPerm modified mode [ 'lib/error/messages.js', 436, 438 ]
247 silly gunzTarPerm extractEntry lib/error/missingSchema.js
248 silly gunzTarPerm modified mode [ 'lib/error/missingSchema.js', 436, 438 ]
249 silly gunzTarPerm extractEntry lib/error/overwriteModel.js
250 silly gunzTarPerm modified mode [ 'lib/error/overwriteModel.js', 436, 438 ]
251 silly gunzTarPerm extractEntry lib/error/validation.js
252 silly gunzTarPerm modified mode [ 'lib/error/validation.js', 420, 438 ]
253 silly gunzTarPerm extractEntry lib/error/validator.js
254 silly gunzTarPerm modified mode [ 'lib/error/validator.js', 420, 438 ]
255 silly gunzTarPerm extractEntry lib/error/version.js
256 silly gunzTarPerm modified mode [ 'lib/error/version.js', 436, 438 ]
257 silly gunzTarPerm extractEntry lib/types/array.js
258 silly gunzTarPerm modified mode [ 'lib/types/array.js', 420, 438 ]
259 silly gunzTarPerm extractEntry lib/types/buffer.js
260 silly gunzTarPerm modified mode [ 'lib/types/buffer.js', 420, 438 ]
261 silly gunzTarPerm extractEntry lib/types/documentarray.js
262 silly gunzTarPerm modified mode [ 'lib/types/documentarray.js', 420, 438 ]
263 silly gunzTarPerm extractEntry lib/types/embedded.js
264 silly gunzTarPerm modified mode [ 'lib/types/embedded.js', 436, 438 ]
265 silly gunzTarPerm extractEntry lib/types/index.js
266 silly gunzTarPerm modified mode [ 'lib/types/index.js', 420, 438 ]
267 silly gunzTarPerm extractEntry lib/types/objectid.js
268 silly gunzTarPerm modified mode [ 'lib/types/objectid.js', 420, 438 ]
269 silly gunzTarPerm extractEntry lib/drivers/index.js
270 silly gunzTarPerm modified mode [ 'lib/drivers/index.js', 420, 438 ]
271 silly gunzTarPerm extractEntry lib/drivers/SPEC.md
272 silly gunzTarPerm modified mode [ 'lib/drivers/SPEC.md', 420, 438 ]
273 silly gunzTarPerm extractEntry lib/drivers/browser/ReadPreference.js
274 silly gunzTarPerm modified mode [ 'lib/drivers/browser/ReadPreference.js', 420, 438 ]
275 silly gunzTarPerm extractEntry lib/drivers/browser/binary.js
276 silly gunzTarPerm modified mode [ 'lib/drivers/browser/binary.js', 420, 438 ]
277 silly gunzTarPerm extractEntry lib/drivers/browser/index.js
278 silly gunzTarPerm modified mode [ 'lib/drivers/browser/index.js', 420, 438 ]
279 silly gunzTarPerm extractEntry lib/drivers/browser/objectid.js
280 silly gunzTarPerm modified mode [ 'lib/drivers/browser/objectid.js', 420, 438 ]
281 silly gunzTarPerm extractEntry lib/drivers/node-mongodb-native/ReadPreference.js
282 silly gunzTarPerm modified mode [ 'lib/drivers/node-mongodb-native/ReadPreference.js', 436, 438 ]
283 silly gunzTarPerm extractEntry lib/drivers/node-mongodb-native/binary.js
284 silly gunzTarPerm modified mode [ 'lib/drivers/node-mongodb-native/binary.js', 420, 438 ]
285 silly gunzTarPerm extractEntry lib/drivers/node-mongodb-native/collection.js
286 silly gunzTarPerm modified mode [ 'lib/drivers/node-mongodb-native/collection.js', 420, 438 ]
287 silly gunzTarPerm extractEntry lib/drivers/node-mongodb-native/connection.js
288 silly gunzTarPerm modified mode [ 'lib/drivers/node-mongodb-native/connection.js', 436, 438 ]
289 silly gunzTarPerm extractEntry lib/drivers/node-mongodb-native/index.js
290 silly gunzTarPerm modified mode [ 'lib/drivers/node-mongodb-native/index.js', 420, 438 ]
291 silly gunzTarPerm extractEntry lib/drivers/node-mongodb-native/objectid.js
292 silly gunzTarPerm modified mode [ 'lib/drivers/node-mongodb-native/objectid.js', 420, 438 ]
293 silly gunzTarPerm extractEntry release-items.md
294 silly gunzTarPerm modified mode [ 'release-items.md', 420, 438 ]
295 silly gunzTarPerm extractEntry .travis.yml
296 silly gunzTarPerm modified mode [ '.travis.yml', 436, 438 ]
297 verbose write writing to c:\projects\CodeGurukul_web\node_modules\mongoose\package.json
298 info preinstall mongoose@4.0.6
299 verbose readDependencies loading dependencies from c:\projects\CodeGurukul_web\node_modules\mongoose\package.json
300 silly prepareForInstallMany adding async@0.9.0 from mongoose dependencies
301 silly prepareForInstallMany adding bson@~0.3 from mongoose dependencies
302 silly prepareForInstallMany adding hooks-fixed@1.0.1 from mongoose dependencies
303 silly prepareForInstallMany adding kareem@1.0.1 from mongoose dependencies
304 silly prepareForInstallMany adding mongodb@2.0.34 from mongoose dependencies
305 silly prepareForInstallMany adding mpath@0.1.1 from mongoose dependencies
306 silly prepareForInstallMany adding mpromise@0.5.4 from mongoose dependencies
307 silly prepareForInstallMany adding mquery@1.6.1 from mongoose dependencies
308 silly prepareForInstallMany adding ms@0.1.0 from mongoose dependencies
309 silly prepareForInstallMany adding muri@1.0.0 from mongoose dependencies
310 silly prepareForInstallMany adding regexp-clone@0.0.1 from mongoose dependencies
311 silly prepareForInstallMany adding sliced@0.0.5 from mongoose dependencies
312 verbose readDependencies loading dependencies from c:\projects\CodeGurukul_web\node_modules\mongoose\package.json
313 silly cache add args [ 'bson@~0.3', null ]
314 verbose cache add spec bson@~0.3
315 silly cache add parsed spec { raw: 'bson@~0.3',
315 silly cache add   scope: null,
315 silly cache add   name: 'bson',
315 silly cache add   rawSpec: '~0.3',
315 silly cache add   spec: '>=0.3.0 <0.4.0',
315 silly cache add   type: 'range' }
316 silly addNamed bson@>=0.3.0 <0.4.0
317 verbose addNamed ">=0.3.0 <0.4.0" is a valid semver range for bson
318 silly addNameRange { name: 'bson', range: '>=0.3.0 <0.4.0', hasData: false }
319 silly mapToRegistry name bson
320 silly mapToRegistry using default registry
321 silly mapToRegistry registry https://registry.npmjs.org/
322 silly mapToRegistry uri https://registry.npmjs.org/bson
323 verbose addNameRange registry:https://registry.npmjs.org/bson not in flight; fetching
324 silly cache add args [ 'hooks-fixed@1.0.1', null ]
325 verbose cache add spec hooks-fixed@1.0.1
326 silly cache add parsed spec { raw: 'hooks-fixed@1.0.1',
326 silly cache add   scope: null,
326 silly cache add   name: 'hooks-fixed',
326 silly cache add   rawSpec: '1.0.1',
326 silly cache add   spec: '1.0.1',
326 silly cache add   type: 'version' }
327 silly addNamed hooks-fixed@1.0.1
328 verbose addNamed "1.0.1" is a plain semver version for hooks-fixed
329 silly mapToRegistry name hooks-fixed
330 silly mapToRegistry using default registry
331 silly mapToRegistry registry https://registry.npmjs.org/
332 silly mapToRegistry uri https://registry.npmjs.org/hooks-fixed
333 verbose addNameVersion registry:https://registry.npmjs.org/hooks-fixed not in flight; fetching
334 silly cache add args [ 'kareem@1.0.1', null ]
335 verbose cache add spec kareem@1.0.1
336 silly cache add parsed spec { raw: 'kareem@1.0.1',
336 silly cache add   scope: null,
336 silly cache add   name: 'kareem',
336 silly cache add   rawSpec: '1.0.1',
336 silly cache add   spec: '1.0.1',
336 silly cache add   type: 'version' }
337 silly addNamed kareem@1.0.1
338 verbose addNamed "1.0.1" is a plain semver version for kareem
339 silly mapToRegistry name kareem
340 silly mapToRegistry using default registry
341 silly mapToRegistry registry https://registry.npmjs.org/
342 silly mapToRegistry uri https://registry.npmjs.org/kareem
343 verbose addNameVersion registry:https://registry.npmjs.org/kareem not in flight; fetching
344 silly cache add args [ 'mongodb@2.0.34', null ]
345 verbose cache add spec mongodb@2.0.34
346 silly cache add parsed spec { raw: 'mongodb@2.0.34',
346 silly cache add   scope: null,
346 silly cache add   name: 'mongodb',
346 silly cache add   rawSpec: '2.0.34',
346 silly cache add   spec: '2.0.34',
346 silly cache add   type: 'version' }
347 silly addNamed mongodb@2.0.34
348 verbose addNamed "2.0.34" is a plain semver version for mongodb
349 silly mapToRegistry name mongodb
350 silly mapToRegistry using default registry
351 silly mapToRegistry registry https://registry.npmjs.org/
352 silly mapToRegistry uri https://registry.npmjs.org/mongodb
353 verbose addNameVersion registry:https://registry.npmjs.org/mongodb not in flight; fetching
354 silly cache add args [ 'mpath@0.1.1', null ]
355 verbose cache add spec mpath@0.1.1
356 silly cache add parsed spec { raw: 'mpath@0.1.1',
356 silly cache add   scope: null,
356 silly cache add   name: 'mpath',
356 silly cache add   rawSpec: '0.1.1',
356 silly cache add   spec: '0.1.1',
356 silly cache add   type: 'version' }
357 silly addNamed mpath@0.1.1
358 verbose addNamed "0.1.1" is a plain semver version for mpath
359 silly mapToRegistry name mpath
360 silly mapToRegistry using default registry
361 silly mapToRegistry registry https://registry.npmjs.org/
362 silly mapToRegistry uri https://registry.npmjs.org/mpath
363 verbose addNameVersion registry:https://registry.npmjs.org/mpath not in flight; fetching
364 silly cache add args [ 'mpromise@0.5.4', null ]
365 verbose cache add spec mpromise@0.5.4
366 silly cache add parsed spec { raw: 'mpromise@0.5.4',
366 silly cache add   scope: null,
366 silly cache add   name: 'mpromise',
366 silly cache add   rawSpec: '0.5.4',
366 silly cache add   spec: '0.5.4',
366 silly cache add   type: 'version' }
367 silly addNamed mpromise@0.5.4
368 verbose addNamed "0.5.4" is a plain semver version for mpromise
369 silly mapToRegistry name mpromise
370 silly mapToRegistry using default registry
371 silly mapToRegistry registry https://registry.npmjs.org/
372 silly mapToRegistry uri https://registry.npmjs.org/mpromise
373 verbose addNameVersion registry:https://registry.npmjs.org/mpromise not in flight; fetching
374 silly cache add args [ 'mquery@1.6.1', null ]
375 verbose cache add spec mquery@1.6.1
376 silly cache add parsed spec { raw: 'mquery@1.6.1',
376 silly cache add   scope: null,
376 silly cache add   name: 'mquery',
376 silly cache add   rawSpec: '1.6.1',
376 silly cache add   spec: '1.6.1',
376 silly cache add   type: 'version' }
377 silly addNamed mquery@1.6.1
378 verbose addNamed "1.6.1" is a plain semver version for mquery
379 silly mapToRegistry name mquery
380 silly mapToRegistry using default registry
381 silly mapToRegistry registry https://registry.npmjs.org/
382 silly mapToRegistry uri https://registry.npmjs.org/mquery
383 verbose addNameVersion registry:https://registry.npmjs.org/mquery not in flight; fetching
384 silly cache add args [ 'ms@0.1.0', null ]
385 verbose cache add spec ms@0.1.0
386 silly cache add parsed spec { raw: 'ms@0.1.0',
386 silly cache add   scope: null,
386 silly cache add   name: 'ms',
386 silly cache add   rawSpec: '0.1.0',
386 silly cache add   spec: '0.1.0',
386 silly cache add   type: 'version' }
387 silly addNamed ms@0.1.0
388 verbose addNamed "0.1.0" is a plain semver version for ms
389 silly mapToRegistry name ms
390 silly mapToRegistry using default registry
391 silly mapToRegistry registry https://registry.npmjs.org/
392 silly mapToRegistry uri https://registry.npmjs.org/ms
393 verbose addNameVersion registry:https://registry.npmjs.org/ms not in flight; fetching
394 silly cache add args [ 'muri@1.0.0', null ]
395 verbose cache add spec muri@1.0.0
396 silly cache add parsed spec { raw: 'muri@1.0.0',
396 silly cache add   scope: null,
396 silly cache add   name: 'muri',
396 silly cache add   rawSpec: '1.0.0',
396 silly cache add   spec: '1.0.0',
396 silly cache add   type: 'version' }
397 silly addNamed muri@1.0.0
398 verbose addNamed "1.0.0" is a plain semver version for muri
399 silly mapToRegistry name muri
400 silly mapToRegistry using default registry
401 silly mapToRegistry registry https://registry.npmjs.org/
402 silly mapToRegistry uri https://registry.npmjs.org/muri
403 verbose addNameVersion registry:https://registry.npmjs.org/muri not in flight; fetching
404 silly cache add args [ 'regexp-clone@0.0.1', null ]
405 verbose cache add spec regexp-clone@0.0.1
406 silly cache add parsed spec { raw: 'regexp-clone@0.0.1',
406 silly cache add   scope: null,
406 silly cache add   name: 'regexp-clone',
406 silly cache add   rawSpec: '0.0.1',
406 silly cache add   spec: '0.0.1',
406 silly cache add   type: 'version' }
407 silly addNamed regexp-clone@0.0.1
408 verbose addNamed "0.0.1" is a plain semver version for regexp-clone
409 silly mapToRegistry name regexp-clone
410 silly mapToRegistry using default registry
411 silly mapToRegistry registry https://registry.npmjs.org/
412 silly mapToRegistry uri https://registry.npmjs.org/regexp-clone
413 verbose addNameVersion registry:https://registry.npmjs.org/regexp-clone not in flight; fetching
414 silly cache add args [ 'sliced@0.0.5', null ]
415 verbose cache add spec sliced@0.0.5
416 silly cache add parsed spec { raw: 'sliced@0.0.5',
416 silly cache add   scope: null,
416 silly cache add   name: 'sliced',
416 silly cache add   rawSpec: '0.0.5',
416 silly cache add   spec: '0.0.5',
416 silly cache add   type: 'version' }
417 silly addNamed sliced@0.0.5
418 verbose addNamed "0.0.5" is a plain semver version for sliced
419 silly mapToRegistry name sliced
420 silly mapToRegistry using default registry
421 silly mapToRegistry registry https://registry.npmjs.org/
422 silly mapToRegistry uri https://registry.npmjs.org/sliced
423 verbose addNameVersion registry:https://registry.npmjs.org/sliced not in flight; fetching
424 silly cache add args [ 'async@0.9.0', null ]
425 verbose cache add spec async@0.9.0
426 silly cache add parsed spec { raw: 'async@0.9.0',
426 silly cache add   scope: null,
426 silly cache add   name: 'async',
426 silly cache add   rawSpec: '0.9.0',
426 silly cache add   spec: '0.9.0',
426 silly cache add   type: 'version' }
427 silly addNamed async@0.9.0
428 verbose addNamed "0.9.0" is a plain semver version for async
429 silly mapToRegistry name async
430 silly mapToRegistry using default registry
431 silly mapToRegistry registry https://registry.npmjs.org/
432 silly mapToRegistry uri https://registry.npmjs.org/async
433 verbose addNameVersion registry:https://registry.npmjs.org/async not in flight; fetching
434 verbose request uri https://registry.npmjs.org/bson
435 verbose request no auth needed
436 info attempt registry request try #1 at 2:39:03 PM
437 http request GET https://registry.npmjs.org/bson
438 verbose request uri https://registry.npmjs.org/hooks-fixed
439 verbose request no auth needed
440 info attempt registry request try #1 at 2:39:03 PM
441 http request GET https://registry.npmjs.org/hooks-fixed
442 verbose request uri https://registry.npmjs.org/kareem
443 verbose request no auth needed
444 info attempt registry request try #1 at 2:39:03 PM
445 http request GET https://registry.npmjs.org/kareem
446 verbose request uri https://registry.npmjs.org/mongodb
447 verbose request no auth needed
448 info attempt registry request try #1 at 2:39:03 PM
449 http request GET https://registry.npmjs.org/mongodb
450 verbose request uri https://registry.npmjs.org/mpath
451 verbose request no auth needed
452 info attempt registry request try #1 at 2:39:03 PM
453 http request GET https://registry.npmjs.org/mpath
454 verbose request uri https://registry.npmjs.org/mpromise
455 verbose request no auth needed
456 info attempt registry request try #1 at 2:39:03 PM
457 http request GET https://registry.npmjs.org/mpromise
458 verbose request uri https://registry.npmjs.org/mquery
459 verbose request no auth needed
460 info attempt registry request try #1 at 2:39:03 PM
461 http request GET https://registry.npmjs.org/mquery
462 verbose request uri https://registry.npmjs.org/muri
463 verbose request no auth needed
464 info attempt registry request try #1 at 2:39:03 PM
465 http request GET https://registry.npmjs.org/muri
466 verbose request uri https://registry.npmjs.org/sliced
467 verbose request no auth needed
468 info attempt registry request try #1 at 2:39:03 PM
469 http request GET https://registry.npmjs.org/sliced
470 verbose request uri https://registry.npmjs.org/regexp-clone
471 verbose request no auth needed
472 info attempt registry request try #1 at 2:39:03 PM
473 http request GET https://registry.npmjs.org/regexp-clone
474 verbose request uri https://registry.npmjs.org/ms
475 verbose request no auth needed
476 info attempt registry request try #1 at 2:39:04 PM
477 verbose etag "C7IT6G0C870XWLGH92QTO2KNM"
478 http request GET https://registry.npmjs.org/ms
479 verbose request uri https://registry.npmjs.org/async
480 verbose request no auth needed
481 info attempt registry request try #1 at 2:39:04 PM
482 verbose etag "XAKWKFLOX6Z1C82M7KDT9GK1"
483 http request GET https://registry.npmjs.org/async
484 http 304 https://registry.npmjs.org/async
485 silly get cb [ 304,
485 silly get   { date: 'Tue, 23 Jun 2015 09:09:04 GMT',
485 silly get     via: '1.1 varnish',
485 silly get     'cache-control': 'max-age=60',
485 silly get     etag: '"XAKWKFLOX6Z1C82M7KDT9GK1"',
485 silly get     age: '16',
485 silly get     connection: 'keep-alive',
485 silly get     'x-served-by': 'cache-sin6923-SIN',
485 silly get     'x-cache': 'HIT',
485 silly get     'x-cache-hits': '11',
485 silly get     'x-timer': 'S1435050544.303082,VS0,VE0',
485 silly get     vary: 'Accept' } ]
486 verbose etag https://registry.npmjs.org/async from cache
487 verbose get saving async to C:\Users\cheryl\AppData\Roaming\npm-cache\registry.npmjs.org\async\.cache.json
488 silly mapToRegistry name async
489 silly mapToRegistry using default registry
490 silly mapToRegistry registry https://registry.npmjs.org/
491 silly mapToRegistry uri https://registry.npmjs.org/async
492 verbose addRemoteTarball https://registry.npmjs.org/async/-/async-0.9.0.tgz not in flight; adding
493 verbose addRemoteTarball [ 'https://registry.npmjs.org/async/-/async-0.9.0.tgz',
493 verbose addRemoteTarball   'ac3613b1da9bed1b47510bb4651b8931e47146c7' ]
494 info retry fetch attempt 1 at 2:39:05 PM
495 info attempt registry request try #1 at 2:39:05 PM
496 http fetch GET https://registry.npmjs.org/async/-/async-0.9.0.tgz
497 http 200 https://registry.npmjs.org/sliced
498 silly get cb [ 200,
498 silly get   { server: 'CouchDB/1.5.0 (Erlang OTP/R16B03)',
498 silly get     etag: '"BWWUVAZPK81QFONHEUJ3BBUW4"',
498 silly get     'content-type': 'application/json',
498 silly get     'cache-control': 'max-age=60',
498 silly get     'content-length': '15715',
498 silly get     'accept-ranges': 'bytes',
498 silly get     date: 'Tue, 23 Jun 2015 09:09:03 GMT',
498 silly get     via: '1.1 varnish',
498 silly get     age: '8',
498 silly get     connection: 'keep-alive',
498 silly get     'x-served-by': 'cache-sin6923-SIN',
498 silly get     'x-cache': 'HIT',
498 silly get     'x-cache-hits': '1',
498 silly get     'x-timer': 'S1435050543.914433,VS0,VE0',
498 silly get     vary: 'Accept' } ]
499 verbose get saving sliced to C:\Users\cheryl\AppData\Roaming\npm-cache\registry.npmjs.org\sliced\.cache.json
500 silly mapToRegistry name sliced
501 silly mapToRegistry using default registry
502 silly mapToRegistry registry https://registry.npmjs.org/
503 silly mapToRegistry uri https://registry.npmjs.org/sliced
504 verbose addRemoteTarball https://registry.npmjs.org/sliced/-/sliced-0.0.5.tgz not in flight; adding
505 verbose addRemoteTarball [ 'https://registry.npmjs.org/sliced/-/sliced-0.0.5.tgz',
505 verbose addRemoteTarball   '5edc044ca4eb6f7816d50ba2fc63e25d8fe4707f' ]
506 info retry fetch attempt 1 at 2:39:06 PM
507 info attempt registry request try #1 at 2:39:06 PM
508 http fetch GET https://registry.npmjs.org/sliced/-/sliced-0.0.5.tgz
509 http 200 https://registry.npmjs.org/hooks-fixed
510 silly get cb [ 200,
510 silly get   { server: 'CouchDB/1.5.0 (Erlang OTP/R16B03)',
510 silly get     etag: '"5MJ0TCUX25ER05ZD6AZFUIPNO"',
510 silly get     'content-type': 'application/json',
510 silly get     'cache-control': 'max-age=60',
510 silly get     'content-length': '16829',
510 silly get     'accept-ranges': 'bytes',
510 silly get     date: 'Tue, 23 Jun 2015 09:09:04 GMT',
510 silly get     via: '1.1 varnish',
510 silly get     age: '0',
510 silly get     connection: 'keep-alive',
510 silly get     'x-served-by': 'cache-sin6921-SIN',
510 silly get     'x-cache': 'HIT',
510 silly get     'x-cache-hits': '1',
510 silly get     'x-timer': 'S1435050543.871044,VS0,VE885',
510 silly get     vary: 'Accept' } ]
511 verbose get saving hooks-fixed to C:\Users\cheryl\AppData\Roaming\npm-cache\registry.npmjs.org\hooks-fixed\.cache.json
512 silly mapToRegistry name hooks-fixed
513 silly mapToRegistry using default registry
514 silly mapToRegistry registry https://registry.npmjs.org/
515 silly mapToRegistry uri https://registry.npmjs.org/hooks-fixed
516 verbose addRemoteTarball https://registry.npmjs.org/hooks-fixed/-/hooks-fixed-1.0.1.tgz not in flight; adding
517 verbose addRemoteTarball [ 'https://registry.npmjs.org/hooks-fixed/-/hooks-fixed-1.0.1.tgz',
517 verbose addRemoteTarball   'f1f6694a62317fb36c11ffb067708a15947e6f9e' ]
518 info retry fetch attempt 1 at 2:39:07 PM
519 info attempt registry request try #1 at 2:39:07 PM
520 http fetch GET https://registry.npmjs.org/hooks-fixed/-/hooks-fixed-1.0.1.tgz
521 http 200 https://registry.npmjs.org/bson
522 silly get cb [ 200,
522 silly get   { server: 'CouchDB/1.5.0 (Erlang OTP/R16B03)',
522 silly get     etag: '"94H6NNTW7E5EEXC5RX13JUYUZ"',
522 silly get     'content-type': 'application/json',
522 silly get     'cache-control': 'max-age=60',
522 silly get     'content-length': '65613',
522 silly get     'accept-ranges': 'bytes',
522 silly get     date: 'Tue, 23 Jun 2015 09:09:03 GMT',
522 silly get     via: '1.1 varnish',
522 silly get     age: '46',
522 silly get     connection: 'keep-alive',
522 silly get     'x-served-by': 'cache-sin6924-SIN',
522 silly get     'x-cache': 'HIT',
522 silly get     'x-cache-hits': '1',
522 silly get     'x-timer': 'S1435050543.812022,VS0,VE5',
522 silly get     vary: 'Accept' } ]
523 verbose get saving bson to C:\Users\cheryl\AppData\Roaming\npm-cache\registry.npmjs.org\bson\.cache.json
524 http 200 https://registry.npmjs.org/mpath
525 silly get cb [ 200,
525 silly get   { server: 'CouchDB/1.5.0 (Erlang OTP/R16B03)',
525 silly get     etag: '"8VGEN5FE9IYOQF0E94BS4YBYQ"',
525 silly get     'content-type': 'application/json',
525 silly get     'cache-control': 'max-age=60',
525 silly get     'content-length': '11833',
525 silly get     'accept-ranges': 'bytes',
525 silly get     date: 'Tue, 23 Jun 2015 09:09:03 GMT',
525 silly get     via: '1.1 varnish',
525 silly get     age: '7',
525 silly get     connection: 'keep-alive',
525 silly get     'x-served-by': 'cache-sin6920-SIN',
525 silly get     'x-cache': 'HIT',
525 silly get     'x-cache-hits': '1',
525 silly get     'x-timer': 'S1435050543.847286,VS0,VE0',
525 silly get     vary: 'Accept' } ]
526 verbose get saving mpath to C:\Users\cheryl\AppData\Roaming\npm-cache\registry.npmjs.org\mpath\.cache.json
527 silly addNameRange number 2 { name: 'bson', range: '>=0.3.0 <0.4.0', hasData: true }
528 silly addNameRange versions [ 'bson',
528 silly addNameRange   [ '0.0.1',
528 silly addNameRange     '0.0.2',
528 silly addNameRange     '0.0.3',
528 silly addNameRange     '0.0.4',
528 silly addNameRange     '0.0.5',
528 silly addNameRange     '0.0.6',
528 silly addNameRange     '0.0.7',
528 silly addNameRange     '0.0.8',
528 silly addNameRange     '0.0.9',
528 silly addNameRange     '0.1.0',
528 silly addNameRange     '0.1.1',
528 silly addNameRange     '0.1.3',
528 silly addNameRange     '0.1.4',
528 silly addNameRange     '0.1.5',
528 silly addNameRange     '0.1.6',
528 silly addNameRange     '0.1.7',
528 silly addNameRange     '0.1.8',
528 silly addNameRange     '0.1.9',
528 silly addNameRange     '0.2.0',
528 silly addNameRange     '0.2.1',
528 silly addNameRange     '0.2.2',
528 silly addNameRange     '0.2.3',
528 silly addNameRange     '0.2.4',
528 silly addNameRange     '0.2.5',
528 silly addNameRange     '0.2.6',
528 silly addNameRange     '0.2.7',
528 silly addNameRange     '0.2.8',
528 silly addNameRange     '0.2.9',
528 silly addNameRange     '0.2.10',
528 silly addNameRange     '0.2.11',
528 silly addNameRange     '0.2.12',
528 silly addNameRange     '0.2.13',
528 silly addNameRange     '0.2.14',
528 silly addNameRange     '0.2.15',
528 silly addNameRange     '0.2.16',
528 silly addNameRange     '0.2.17',
528 silly addNameRange     '0.2.18',
528 silly addNameRange     '0.2.19',
528 silly addNameRange     '0.2.20',
528 silly addNameRange     '0.2.21',
528 silly addNameRange     '0.3.0',
528 silly addNameRange     '0.3.1',
528 silly addNameRange     '0.3.2',
528 silly addNameRange     '0.4.0',
528 silly addNameRange     '0.4.1',
528 silly addNameRange     '0.4.2',
528 silly addNameRange     '0.4.3',
528 silly addNameRange     '0.4.4',
528 silly addNameRange     '0.4.5',
528 silly addNameRange     '0.4.6' ] ]
529 silly addNamed bson@0.3.2
530 verbose addNamed "0.3.2" is a plain semver version for bson
531 silly mapToRegistry name bson
532 silly mapToRegistry using default registry
533 silly mapToRegistry registry https://registry.npmjs.org/
534 silly mapToRegistry uri https://registry.npmjs.org/bson
535 verbose addRemoteTarball https://registry.npmjs.org/bson/-/bson-0.3.2.tgz not in flight; adding
536 verbose addRemoteTarball [ 'https://registry.npmjs.org/bson/-/bson-0.3.2.tgz',
536 verbose addRemoteTarball   '56753c5e8d86d0f45744b93a9693e4f60a8bbd6c' ]
537 silly mapToRegistry name mpath
538 silly mapToRegistry using default registry
539 silly mapToRegistry registry https://registry.npmjs.org/
540 silly mapToRegistry uri https://registry.npmjs.org/mpath
541 verbose addRemoteTarball https://registry.npmjs.org/mpath/-/mpath-0.1.1.tgz not in flight; adding
542 verbose addRemoteTarball [ 'https://registry.npmjs.org/mpath/-/mpath-0.1.1.tgz',
542 verbose addRemoteTarball   '23da852b7c232ee097f4759d29c0ee9cd22d5e46' ]
543 info retry fetch attempt 1 at 2:39:07 PM
544 info attempt registry request try #1 at 2:39:07 PM
545 http fetch GET https://registry.npmjs.org/bson/-/bson-0.3.2.tgz
546 info retry fetch attempt 1 at 2:39:07 PM
547 info attempt registry request try #1 at 2:39:07 PM
548 http fetch GET https://registry.npmjs.org/mpath/-/mpath-0.1.1.tgz
549 http fetch 200 https://registry.npmjs.org/sliced/-/sliced-0.0.5.tgz
550 silly fetchAndShaCheck shasum 5edc044ca4eb6f7816d50ba2fc63e25d8fe4707f
551 verbose addTmpTarball C:\Users\cheryl\AppData\Local\Temp\npm-5592-d691d49f\registry.npmjs.org\sliced\-\sliced-0.0.5.tgz not in flight; adding
552 verbose addTmpTarball already have metadata; skipping unpack for sliced@0.0.5
553 silly cache afterAdd sliced@0.0.5
554 verbose afterAdd C:\Users\cheryl\AppData\Roaming\npm-cache\sliced\0.0.5\package\package.json not in flight; writing
555 verbose afterAdd C:\Users\cheryl\AppData\Roaming\npm-cache\sliced\0.0.5\package\package.json written
556 http fetch 200 https://registry.npmjs.org/hooks-fixed/-/hooks-fixed-1.0.1.tgz
557 silly fetchAndShaCheck shasum f1f6694a62317fb36c11ffb067708a15947e6f9e
558 verbose addTmpTarball C:\Users\cheryl\AppData\Local\Temp\npm-5592-d691d49f\registry.npmjs.org\hooks-fixed\-\hooks-fixed-1.0.1.tgz not in flight; adding
559 verbose addTmpTarball already have metadata; skipping unpack for hooks-fixed@1.0.1
560 silly cache afterAdd hooks-fixed@1.0.1
561 verbose afterAdd C:\Users\cheryl\AppData\Roaming\npm-cache\hooks-fixed\1.0.1\package\package.json not in flight; writing
562 verbose afterAdd C:\Users\cheryl\AppData\Roaming\npm-cache\hooks-fixed\1.0.1\package\package.json written
563 http 200 https://registry.npmjs.org/mpromise
564 silly get cb [ 200,
564 silly get   { server: 'CouchDB/1.5.0 (Erlang OTP/R16B03)',
564 silly get     etag: '"ANP2S12BAVZ9XZPOEVBCCO9YG"',
564 silly get     'content-type': 'application/json',
564 silly get     'cache-control': 'max-age=60',
564 silly get     'content-length': '24225',
564 silly get     'accept-ranges': 'bytes',
564 silly get     date: 'Tue, 23 Jun 2015 09:09:03 GMT',
564 silly get     via: '1.1 varnish',
564 silly get     age: '10',
564 silly get     connection: 'keep-alive',
564 silly get     'x-served-by': 'cache-sin6921-SIN',
564 silly get     'x-cache': 'HIT',
564 silly get     'x-cache-hits': '1',
564 silly get     'x-timer': 'S1435050543.830947,VS0,VE0',
564 silly get     vary: 'Accept' } ]
565 verbose get saving mpromise to C:\Users\cheryl\AppData\Roaming\npm-cache\registry.npmjs.org\mpromise\.cache.json
566 silly mapToRegistry name mpromise
567 silly mapToRegistry using default registry
568 silly mapToRegistry registry https://registry.npmjs.org/
569 silly mapToRegistry uri https://registry.npmjs.org/mpromise
570 verbose addRemoteTarball https://registry.npmjs.org/mpromise/-/mpromise-0.5.4.tgz not in flight; adding
571 verbose addRemoteTarball [ 'https://registry.npmjs.org/mpromise/-/mpromise-0.5.4.tgz',
571 verbose addRemoteTarball   'b610613ec6de37419f944b35f0783b4de9f5dc75' ]
572 info retry fetch attempt 1 at 2:39:08 PM
573 info attempt registry request try #1 at 2:39:08 PM
574 http fetch GET https://registry.npmjs.org/mpromise/-/mpromise-0.5.4.tgz
575 http 200 https://registry.npmjs.org/kareem
576 silly get cb [ 200,
576 silly get   { server: 'CouchDB/1.5.0 (Erlang OTP/R16B03)',
576 silly get     etag: '"AQWEXTO0G7A7EGL9ZWLMUZ0VM"',
576 silly get     'content-type': 'application/json',
576 silly get     'cache-control': 'max-age=60',
576 silly get     'content-length': '19401',
576 silly get     'accept-ranges': 'bytes',
576 silly get     date: 'Tue, 23 Jun 2015 09:09:04 GMT',
576 silly get     via: '1.1 varnish',
576 silly get     age: '0',
576 silly get     connection: 'keep-alive',
576 silly get     'x-served-by': 'cache-sin6920-SIN',
576 silly get     'x-cache': 'HIT',
576 silly get     'x-cache-hits': '1',
576 silly get     'x-timer': 'S1435050543.890060,VS0,VE250',
576 silly get     vary: 'Accept' } ]
577 verbose get saving kareem to C:\Users\cheryl\AppData\Roaming\npm-cache\registry.npmjs.org\kareem\.cache.json
578 http fetch 200 https://registry.npmjs.org/async/-/async-0.9.0.tgz
579 silly mapToRegistry name kareem
580 silly mapToRegistry using default registry
581 silly mapToRegistry registry https://registry.npmjs.org/
582 silly mapToRegistry uri https://registry.npmjs.org/kareem
583 verbose addRemoteTarball https://registry.npmjs.org/kareem/-/kareem-1.0.1.tgz not in flight; adding
584 verbose addRemoteTarball [ 'https://registry.npmjs.org/kareem/-/kareem-1.0.1.tgz',
584 verbose addRemoteTarball   '7805d215bb53214ec3af969a1d0b1f17e3e7b95c' ]
585 info retry fetch attempt 1 at 2:39:08 PM
586 info attempt registry request try #1 at 2:39:08 PM
587 http fetch GET https://registry.npmjs.org/kareem/-/kareem-1.0.1.tgz
588 http fetch 200 https://registry.npmjs.org/mpath/-/mpath-0.1.1.tgz
589 silly fetchAndShaCheck shasum 23da852b7c232ee097f4759d29c0ee9cd22d5e46
590 verbose addTmpTarball C:\Users\cheryl\AppData\Local\Temp\npm-5592-d691d49f\registry.npmjs.org\mpath\-\mpath-0.1.1.tgz not in flight; adding
591 verbose addTmpTarball already have metadata; skipping unpack for mpath@0.1.1
592 silly cache afterAdd mpath@0.1.1
593 verbose afterAdd C:\Users\cheryl\AppData\Roaming\npm-cache\mpath\0.1.1\package\package.json not in flight; writing
594 silly fetchAndShaCheck shasum ac3613b1da9bed1b47510bb4651b8931e47146c7
595 verbose afterAdd C:\Users\cheryl\AppData\Roaming\npm-cache\mpath\0.1.1\package\package.json written
596 verbose addTmpTarball C:\Users\cheryl\AppData\Local\Temp\npm-5592-d691d49f\registry.npmjs.org\async\-\async-0.9.0.tgz not in flight; adding
597 verbose addTmpTarball already have metadata; skipping unpack for async@0.9.0
598 silly cache afterAdd async@0.9.0
599 verbose afterAdd C:\Users\cheryl\AppData\Roaming\npm-cache\async\0.9.0\package\package.json not in flight; writing
600 verbose afterAdd C:\Users\cheryl\AppData\Roaming\npm-cache\async\0.9.0\package\package.json written
601 http 200 https://registry.npmjs.org/mquery
602 silly get cb [ 200,
602 silly get   { server: 'CouchDB/1.5.0 (Erlang OTP/R16B03)',
602 silly get     etag: '"867TD2PBHV9F3K5VDZCEAHKN2"',
602 silly get     'content-type': 'application/json',
602 silly get     'cache-control': 'max-age=60',
602 silly get     'content-length': '74237',
602 silly get     'accept-ranges': 'bytes',
602 silly get     date: 'Tue, 23 Jun 2015 09:09:05 GMT',
602 silly get     via: '1.1 varnish',
602 silly get     age: '8',
602 silly get     connection: 'keep-alive',
602 silly get     'x-served-by': 'cache-sin6922-SIN',
602 silly get     'x-cache': 'HIT',
602 silly get     'x-cache-hits': '1',
602 silly get     'x-timer': 'S1435050545.186857,VS0,VE0',
602 silly get     vary: 'Accept' } ]
603 verbose get saving mquery to C:\Users\cheryl\AppData\Roaming\npm-cache\registry.npmjs.org\mquery\.cache.json
604 http 304 https://registry.npmjs.org/ms
605 silly get cb [ 304,
605 silly get   { date: 'Tue, 23 Jun 2015 09:09:07 GMT',
605 silly get     via: '1.1 varnish',
605 silly get     'cache-control': 'max-age=60',
605 silly get     etag: '"C7IT6G0C870XWLGH92QTO2KNM"',
605 silly get     age: '59',
605 silly get     connection: 'keep-alive',
605 silly get     'x-served-by': 'cache-sin6922-SIN',
605 silly get     'x-cache': 'HIT',
605 silly get     'x-cache-hits': '8',
605 silly get     'x-timer': 'S1435050547.897355,VS0,VE0',
605 silly get     vary: 'Accept' } ]
606 verbose etag https://registry.npmjs.org/ms from cache
607 verbose get saving ms to C:\Users\cheryl\AppData\Roaming\npm-cache\registry.npmjs.org\ms\.cache.json
608 silly mapToRegistry name ms
609 silly mapToRegistry using default registry
610 silly mapToRegistry registry https://registry.npmjs.org/
611 silly mapToRegistry uri https://registry.npmjs.org/ms
612 verbose addRemoteTarball https://registry.npmjs.org/ms/-/ms-0.1.0.tgz not in flight; adding
613 verbose addRemoteTarball [ 'https://registry.npmjs.org/ms/-/ms-0.1.0.tgz',
613 verbose addRemoteTarball   'f21fac490daf1d7667fd180fe9077389cc9442b2' ]
614 info retry fetch attempt 1 at 2:39:09 PM
615 info attempt registry request try #1 at 2:39:09 PM
616 http fetch GET https://registry.npmjs.org/ms/-/ms-0.1.0.tgz
617 silly mapToRegistry name mquery
618 silly mapToRegistry using default registry
619 silly mapToRegistry registry https://registry.npmjs.org/
620 silly mapToRegistry uri https://registry.npmjs.org/mquery
621 verbose addRemoteTarball https://registry.npmjs.org/mquery/-/mquery-1.6.1.tgz not in flight; adding
622 verbose addRemoteTarball [ 'https://registry.npmjs.org/mquery/-/mquery-1.6.1.tgz',
622 verbose addRemoteTarball   'd7a9ce28e6feecb8a49830f1fc6809d6a422d059' ]
623 info retry fetch attempt 1 at 2:39:09 PM
624 info attempt registry request try #1 at 2:39:09 PM
625 http fetch GET https://registry.npmjs.org/mquery/-/mquery-1.6.1.tgz
626 http 200 https://registry.npmjs.org/regexp-clone
627 silly get cb [ 200,
627 silly get   { server: 'CouchDB/1.5.0 (Erlang OTP/R16B03)',
627 silly get     etag: '"AMGTX5SC3OTT0F8UOW43HZ5FK"',
627 silly get     'content-type': 'application/json',
627 silly get     'cache-control': 'max-age=60',
627 silly get     'content-length': '2001',
627 silly get     'accept-ranges': 'bytes',
627 silly get     date: 'Tue, 23 Jun 2015 09:09:08 GMT',
627 silly get     via: '1.1 varnish',
627 silly get     age: '12',
627 silly get     connection: 'keep-alive',
627 silly get     'x-served-by': 'cache-sin6924-SIN',
627 silly get     'x-cache': 'HIT',
627 silly get     'x-cache-hits': '1',
627 silly get     'x-timer': 'S1435050548.051258,VS0,VE0',
627 silly get     vary: 'Accept' } ]
628 verbose get saving regexp-clone to C:\Users\cheryl\AppData\Roaming\npm-cache\registry.npmjs.org\regexp-clone\.cache.json
629 silly mapToRegistry name regexp-clone
630 silly mapToRegistry using default registry
631 silly mapToRegistry registry https://registry.npmjs.org/
632 silly mapToRegistry uri https://registry.npmjs.org/regexp-clone
633 verbose addRemoteTarball https://registry.npmjs.org/regexp-clone/-/regexp-clone-0.0.1.tgz not in flight; adding
634 verbose addRemoteTarball [ 'https://registry.npmjs.org/regexp-clone/-/regexp-clone-0.0.1.tgz',
634 verbose addRemoteTarball   'a7c2e09891fdbf38fbb10d376fb73003e68ac589' ]
635 info retry fetch attempt 1 at 2:39:09 PM
636 info attempt registry request try #1 at 2:39:09 PM
637 http fetch GET https://registry.npmjs.org/regexp-clone/-/regexp-clone-0.0.1.tgz
638 http fetch 200 https://registry.npmjs.org/kareem/-/kareem-1.0.1.tgz
639 silly fetchAndShaCheck shasum 7805d215bb53214ec3af969a1d0b1f17e3e7b95c
640 verbose addTmpTarball C:\Users\cheryl\AppData\Local\Temp\npm-5592-d691d49f\registry.npmjs.org\kareem\-\kareem-1.0.1.tgz not in flight; adding
641 verbose addTmpTarball already have metadata; skipping unpack for kareem@1.0.1
642 silly cache afterAdd kareem@1.0.1
643 verbose afterAdd C:\Users\cheryl\AppData\Roaming\npm-cache\kareem\1.0.1\package\package.json not in flight; writing
644 verbose afterAdd C:\Users\cheryl\AppData\Roaming\npm-cache\kareem\1.0.1\package\package.json written
645 http fetch 200 https://registry.npmjs.org/bson/-/bson-0.3.2.tgz
646 http fetch 200 https://registry.npmjs.org/mpromise/-/mpromise-0.5.4.tgz
647 silly fetchAndShaCheck shasum b610613ec6de37419f944b35f0783b4de9f5dc75
648 verbose addTmpTarball C:\Users\cheryl\AppData\Local\Temp\npm-5592-d691d49f\registry.npmjs.org\mpromise\-\mpromise-0.5.4.tgz not in flight; adding
649 verbose addTmpTarball already have metadata; skipping unpack for mpromise@0.5.4
650 silly cache afterAdd mpromise@0.5.4
651 verbose afterAdd C:\Users\cheryl\AppData\Roaming\npm-cache\mpromise\0.5.4\package\package.json not in flight; writing
652 verbose afterAdd C:\Users\cheryl\AppData\Roaming\npm-cache\mpromise\0.5.4\package\package.json written
653 http fetch 200 https://registry.npmjs.org/regexp-clone/-/regexp-clone-0.0.1.tgz
654 silly fetchAndShaCheck shasum a7c2e09891fdbf38fbb10d376fb73003e68ac589
655 verbose addTmpTarball C:\Users\cheryl\AppData\Local\Temp\npm-5592-d691d49f\registry.npmjs.org\regexp-clone\-\regexp-clone-0.0.1.tgz not in flight; adding
656 verbose addTmpTarball already have metadata; skipping unpack for regexp-clone@0.0.1
657 silly cache afterAdd regexp-clone@0.0.1
658 verbose afterAdd C:\Users\cheryl\AppData\Roaming\npm-cache\regexp-clone\0.0.1\package\package.json not in flight; writing
659 verbose afterAdd C:\Users\cheryl\AppData\Roaming\npm-cache\regexp-clone\0.0.1\package\package.json written
660 http fetch 200 https://registry.npmjs.org/ms/-/ms-0.1.0.tgz
661 http fetch 200 https://registry.npmjs.org/mquery/-/mquery-1.6.1.tgz
662 silly fetchAndShaCheck shasum 56753c5e8d86d0f45744b93a9693e4f60a8bbd6c
663 verbose addTmpTarball C:\Users\cheryl\AppData\Local\Temp\npm-5592-d691d49f\registry.npmjs.org\bson\-\bson-0.3.2.tgz not in flight; adding
664 verbose addTmpTarball already have metadata; skipping unpack for bson@0.3.2
665 http 200 https://registry.npmjs.org/muri
666 silly get cb [ 200,
666 silly get   { server: 'CouchDB/1.5.0 (Erlang OTP/R16B03)',
666 silly get     etag: '"1A8HZR3VWLZ26QA17AQVL78FR"',
666 silly get     'content-type': 'application/json',
666 silly get     'cache-control': 'max-age=60',
666 silly get     'content-length': '10567',
666 silly get     'accept-ranges': 'bytes',
666 silly get     date: 'Tue, 23 Jun 2015 09:09:03 GMT',
666 silly get     via: '1.1 varnish',
666 silly get     age: '8',
666 silly get     connection: 'keep-alive',
666 silly get     'x-served-by': 'cache-sin6920-SIN',
666 silly get     'x-cache': 'HIT',
666 silly get     'x-cache-hits': '1',
666 silly get     'x-timer': 'S1435050543.945924,VS0,VE0',
666 silly get     vary: 'Accept' } ]
667 verbose get saving muri to C:\Users\cheryl\AppData\Roaming\npm-cache\registry.npmjs.org\muri\.cache.json
668 silly cache afterAdd bson@0.3.2
669 verbose afterAdd C:\Users\cheryl\AppData\Roaming\npm-cache\bson\0.3.2\package\package.json not in flight; writing
670 silly mapToRegistry name muri
671 silly mapToRegistry using default registry
672 silly mapToRegistry registry https://registry.npmjs.org/
673 silly mapToRegistry uri https://registry.npmjs.org/muri
674 verbose addRemoteTarball https://registry.npmjs.org/muri/-/muri-1.0.0.tgz not in flight; adding
675 verbose addRemoteTarball [ 'https://registry.npmjs.org/muri/-/muri-1.0.0.tgz',
675 verbose addRemoteTarball   'de3bf6bd71d67eae71d76689b950d2de118695c6' ]
676 info retry fetch attempt 1 at 2:39:12 PM
677 info attempt registry request try #1 at 2:39:12 PM
678 http fetch GET https://registry.npmjs.org/muri/-/muri-1.0.0.tgz
679 verbose afterAdd C:\Users\cheryl\AppData\Roaming\npm-cache\bson\0.3.2\package\package.json written
680 silly fetchAndShaCheck shasum d7a9ce28e6feecb8a49830f1fc6809d6a422d059
681 verbose addTmpTarball C:\Users\cheryl\AppData\Local\Temp\npm-5592-d691d49f\registry.npmjs.org\mquery\-\mquery-1.6.1.tgz not in flight; adding
682 verbose addTmpTarball already have metadata; skipping unpack for mquery@1.6.1
683 silly cache afterAdd mquery@1.6.1
684 verbose afterAdd C:\Users\cheryl\AppData\Roaming\npm-cache\mquery\1.6.1\package\package.json not in flight; writing
685 verbose afterAdd C:\Users\cheryl\AppData\Roaming\npm-cache\mquery\1.6.1\package\package.json written
686 http fetch 200 https://registry.npmjs.org/muri/-/muri-1.0.0.tgz
687 silly fetchAndShaCheck shasum de3bf6bd71d67eae71d76689b950d2de118695c6
688 verbose addTmpTarball C:\Users\cheryl\AppData\Local\Temp\npm-5592-d691d49f\registry.npmjs.org\muri\-\muri-1.0.0.tgz not in flight; adding
689 verbose addTmpTarball already have metadata; skipping unpack for muri@1.0.0
690 silly cache afterAdd muri@1.0.0
691 verbose afterAdd C:\Users\cheryl\AppData\Roaming\npm-cache\muri\1.0.0\package\package.json not in flight; writing
692 verbose afterAdd C:\Users\cheryl\AppData\Roaming\npm-cache\muri\1.0.0\package\package.json written
693 silly fetchAndShaCheck shasum f21fac490daf1d7667fd180fe9077389cc9442b2
694 verbose addTmpTarball C:\Users\cheryl\AppData\Local\Temp\npm-5592-d691d49f\registry.npmjs.org\ms\-\ms-0.1.0.tgz not in flight; adding
695 verbose addTmpTarball already have metadata; skipping unpack for ms@0.1.0
696 silly cache afterAdd ms@0.1.0
697 verbose afterAdd C:\Users\cheryl\AppData\Roaming\npm-cache\ms\0.1.0\package\package.json not in flight; writing
698 verbose afterAdd C:\Users\cheryl\AppData\Roaming\npm-cache\ms\0.1.0\package\package.json written
699 http 200 https://registry.npmjs.org/mongodb
700 silly get cb [ 200,
700 silly get   { server: 'CouchDB/1.5.0 (Erlang OTP/R16B03)',
700 silly get     etag: '"E9ZR8GS07QN0RXC9KNT6L10RP"',
700 silly get     'content-type': 'application/json',
700 silly get     'cache-control': 'max-age=60',
700 silly get     'content-length': '463045',
700 silly get     'accept-ranges': 'bytes',
700 silly get     date: 'Tue, 23 Jun 2015 09:09:03 GMT',
700 silly get     via: '1.1 varnish',
700 silly get     age: '14',
700 silly get     connection: 'keep-alive',
700 silly get     'x-served-by': 'cache-sin6923-SIN',
700 silly get     'x-cache': 'HIT',
700 silly get     'x-cache-hits': '1',
700 silly get     'x-timer': 'S1435050543.904628,VS0,VE1',
700 silly get     vary: 'Accept' } ]
701 verbose get saving mongodb to C:\Users\cheryl\AppData\Roaming\npm-cache\registry.npmjs.org\mongodb\.cache.json
702 silly mapToRegistry name mongodb
703 silly mapToRegistry using default registry
704 silly mapToRegistry registry https://registry.npmjs.org/
705 silly mapToRegistry uri https://registry.npmjs.org/mongodb
706 verbose addRemoteTarball https://registry.npmjs.org/mongodb/-/mongodb-2.0.34.tgz not in flight; adding
707 verbose addRemoteTarball [ 'https://registry.npmjs.org/mongodb/-/mongodb-2.0.34.tgz',
707 verbose addRemoteTarball   'e45e8a82e017638a71557a3a23a75bdcdb590718' ]
708 info retry fetch attempt 1 at 2:39:48 PM
709 info attempt registry request try #1 at 2:39:48 PM
710 http fetch GET https://registry.npmjs.org/mongodb/-/mongodb-2.0.34.tgz
711 http fetch 200 https://registry.npmjs.org/mongodb/-/mongodb-2.0.34.tgz
712 verbose stack Error: read ECONNRESET
712 verbose stack     at exports._errnoException (util.js:746:11)
712 verbose stack     at TCP.onread (net.js:559:26)
713 verbose cwd c:\projects\CodeGurukul_web
714 error Windows_NT 6.3.9600
715 error argv "c:\\Program Files\\nodejs\\node.exe" "c:\\Program Files\\nodejs\\node_modules\\npm\\bin\\npm-cli.js" "install" "mongoose" "--save"
716 error node v0.12.4
717 error npm  v2.10.1
718 error code ECONNRESET
719 error errno ECONNRESET
720 error syscall read
721 error network read ECONNRESET
721 error network This is most likely not a problem with npm itself
721 error network and is related to network connectivity.
721 error network In most cases you are behind a proxy or have bad network settings.
721 error network
721 error network If you are behind a proxy, please make sure that the
721 error network 'proxy' config is set properly.  See: 'npm help config'
722 verbose exit [ 1, true ]
